19:23:16 **** Incremental Build of configuration Debug for project lorawan ****
make -j8 all 
arm-none-eabi-gcc -o "lorawan.elf" @"objects.list"   -mcpu=cortex-m4 -T"C:\Users\salma\OneDrive\Desktop\Capstone\3.Project Development\lorawan\STM32L432KCUX_FLASH.ld" --specs=nosys.specs -Wl,-Map="lorawan.map" -Wl,--gc-sections -static --specs=nano.specs -mfpu=fpv4-sp-d16 -mfloat-abi=hard -mthumb -Wl,--start-group -lc -lm -Wl,--end-group
C:/ST/STM32CubeIDE_1.14.0/STM32CubeIDE/plugins/com.st.stm32cube.ide.mcu.externaltools.gnu-tools-for-stm32.11.3.rel1.win32_1.1.100.202309141235/tools/bin/../lib/gcc/arm-none-eabi/11.3.1/../../../../arm-none-eabi/bin/ld.exe: ./Core/Src/polkadot.o:C:/Users/salma/OneDrive/Desktop/Capstone/3.Project Development/lorawan/Debug/../Core/Inc/pk.h:16: multiple definition of `my_id'; ./Core/Src/main.o:C:/Users/salma/OneDrive/Desktop/Capstone/3.Project Development/lorawan/Debug/../Core/Inc/pk.h:16: first defined here
C:/ST/STM32CubeIDE_1.14.0/STM32CubeIDE/plugins/com.st.stm32cube.ide.mcu.externaltools.gnu-tools-for-stm32.11.3.rel1.win32_1.1.100.202309141235/tools/bin/../lib/gcc/arm-none-eabi/11.3.1/../../../../arm-none-eabi/bin/ld.exe: ./Core/Src/polkadot.o:C:/Users/salma/OneDrive/Desktop/Capstone/3.Project Development/lorawan/Debug/../Core/Inc/pk.h:17: multiple definition of `my_sequence_number'; ./Core/Src/main.o:C:/Users/salma/OneDrive/Desktop/Capstone/3.Project Development/lorawan/Debug/../Core/Inc/pk.h:17: first defined here
C:/ST/STM32CubeIDE_1.14.0/STM32CubeIDE/plugins/com.st.stm32cube.ide.mcu.externaltools.gnu-tools-for-stm32.11.3.rel1.win32_1.1.100.202309141235/tools/bin/../lib/gcc/arm-none-eabi/11.3.1/../../../../arm-none-eabi/bin/ld.exe: ./Core/Src/polkadot.o:C:/Users/salma/OneDrive/Desktop/Capstone/3.Project Development/lorawan/Debug/../Core/Inc/pk.h:18: multiple definition of `rreq_id'; ./Core/Src/main.o:C:/Users/salma/OneDrive/Desktop/Capstone/3.Project Development/lorawan/Debug/../Core/Inc/pk.h:18: first defined here
C:/ST/STM32CubeIDE_1.14.0/STM32CubeIDE/plugins/com.st.stm32cube.ide.mcu.externaltools.gnu-tools-for-stm32.11.3.rel1.win32_1.1.100.202309141235/tools/bin/../lib/gcc/arm-none-eabi/11.3.1/../../../../arm-none-eabi/bin/ld.exe: ./Core/Src/polkadot.o:C:/Users/salma/OneDrive/Desktop/Capstone/3.Project Development/lorawan/Debug/../Core/Inc/pk.h:37: multiple definition of `rx_data'; ./Core/Src/main.o:C:/Users/salma/OneDrive/Desktop/Capstone/3.Project Development/lorawan/Debug/../Core/Inc/pk.h:37: first defined here
C:/ST/STM32CubeIDE_1.14.0/STM32CubeIDE/plugins/com.st.stm32cube.ide.mcu.externaltools.gnu-tools-for-stm32.11.3.rel1.win32_1.1.100.202309141235/tools/bin/../lib/gcc/arm-none-eabi/11.3.1/../../../../arm-none-eabi/bin/ld.exe: ./Core/Src/polkadot.o:C:/Users/salma/OneDrive/Desktop/Capstone/3.Project Development/lorawan/Debug/../Core/Inc/pk.h:49: multiple definition of `unicast_entries'; ./Core/Src/main.o:C:/Users/salma/OneDrive/Desktop/Capstone/3.Project Development/lorawan/Debug/../Core/Inc/pk.h:49: first defined here
C:/ST/STM32CubeIDE_1.14.0/STM32CubeIDE/plugins/com.st.stm32cube.ide.mcu.externaltools.gnu-tools-for-stm32.11.3.rel1.win32_1.1.100.202309141235/tools/bin/../lib/gcc/arm-none-eabi/11.3.1/../../../../arm-none-eabi/bin/ld.exe: ./Core/Src/polkadot.o:C:/Users/salma/OneDrive/Desktop/Capstone/3.Project Development/lorawan/Debug/../Core/Inc/pk.h:51: multiple definition of `unicast_route_table'; ./Core/Src/main.o:C:/Users/salma/OneDrive/Desktop/Capstone/3.Project Development/lorawan/Debug/../Core/Inc/pk.h:51: first defined here
C:/ST/STM32CubeIDE_1.14.0/STM32CubeIDE/plugins/com.st.stm32cube.ide.mcu.externaltools.gnu-tools-for-stm32.11.3.rel1.win32_1.1.100.202309141235/tools/bin/../lib/gcc/arm-none-eabi/11.3.1/../../../../arm-none-eabi/bin/ld.exe: ./Core/Src/polkadot.o:C:/Users/salma/OneDrive/Desktop/Capstone/3.Project Development/lorawan/Debug/../Core/Inc/pk.h:61: multiple definition of `noroute_table'; ./Core/Src/main.o:C:/Users/salma/OneDrive/Desktop/Capstone/3.Project Development/lorawan/Debug/../Core/Inc/pk.h:61: first defined here
C:/ST/STM32CubeIDE_1.14.0/STM32CubeIDE/plugins/com.st.stm32cube.ide.mcu.externaltools.gnu-tools-for-stm32.11.3.rel1.win32_1.1.100.202309141235/tools/bin/../lib/gcc/arm-none-eabi/11.3.1/../../../../arm-none-eabi/bin/ld.exe: ./Core/Src/polkadot.o:C:/Users/salma/OneDrive/Desktop/Capstone/3.Project Development/lorawan/Debug/../Core/Inc/pk.h:62: multiple definition of `noroute_table_entries'; ./Core/Src/main.o:C:/Users/salma/OneDrive/Desktop/Capstone/3.Project Development/lorawan/Debug/../Core/Inc/pk.h:62: first defined here
C:/ST/STM32CubeIDE_1.14.0/STM32CubeIDE/plugins/com.st.stm32cube.ide.mcu.externaltools.gnu-tools-for-stm32.11.3.rel1.win32_1.1.100.202309141235/tools/bin/../lib/gcc/arm-none-eabi/11.3.1/../../../../arm-none-eabi/bin/ld.exe: ./Core/Src/polkadot.o:C:/Users/salma/OneDrive/Desktop/Capstone/3.Project Development/lorawan/Debug/../Core/Inc/pk.h:65: multiple definition of `rreq_table'; ./Core/Src/main.o:C:/Users/salma/OneDrive/Desktop/Capstone/3.Project Development/lorawan/Debug/../Core/Inc/pk.h:65: first defined here
C:/ST/STM32CubeIDE_1.14.0/STM32CubeIDE/plugins/com.st.stm32cube.ide.mcu.externaltools.gnu-tools-for-stm32.11.3.rel1.win32_1.1.100.202309141235/tools/bin/../lib/gcc/arm-none-eabi/11.3.1/../../../../arm-none-eabi/bin/ld.exe: ./Core/Src/polkadot.o:C:/Users/salma/OneDrive/Desktop/Capstone/3.Project Development/lorawan/Debug/../Core/Inc/pk.h:66: multiple definition of `rreq_pointer'; ./Core/Src/main.o:C:/Users/salma/OneDrive/Desktop/Capstone/3.Project Development/lorawan/Debug/../Core/Inc/pk.h:66: first defined here
collect2.exe: error: ld returned 1 exit status
make: *** [makefile:64: lorawan.elf] Error 1
"make -j8 all" terminated with exit code 2. Build might be incomplete.

19:23:17 Build Failed. 11 errors, 0 warnings. (took 892ms)

